  [1m[36m (10.1ms)[0m  [1mCREATE TABLE "schema_migrations" ("version" varchar NOT NULL) [0m
  [1m[35m (0.1ms)[0m  select sqlite_version(*)
  [1m[36m (9.7ms)[0m  [1mCREATE UNIQUE INDEX "unique_schema_migrations" ON "schema_migrations" ("version")[0m
  [1m[35mActiveRecord::SchemaMigration Load (0.2ms)[0m  SELECT "schema_migrations".* FROM "schema_migrations"
Migrating to CreateMovies (20111119180638)
  [1m[36m (0.1ms)[0m  [1mbegin transaction[0m
DEPRECATION WARNING: `#timestamps` was called without specifying an option for `null`. In Rails 5, this behavior will change to `null: false`. You should manually specify `null: true` to prevent the behavior of your existing migrations from changing. (called from block in up at /home/bluezelf/Escritorio/ExamenFinal-CC3S2/Actividad-EF/db/migrate/20111119180638_create_movies.rb:10)
  [1m[35m (0.7ms)[0m  CREATE TABLE "movies" ("id" INTEGER PRIMARY KEY AUTOINCREMENT NOT NULL, "title" varchar, "rating" varchar, "description" text, "release_date" datetime, "created_at" datetime, "updated_at" datetime) 
  [1m[36mSQL (0.3ms)[0m  [1mINSERT INTO "schema_migrations" ("version") VALUES (?)[0m  [["version", "20111119180638"]]
  [1m[35m (10.5ms)[0m  commit transaction
  [1m[36mActiveRecord::SchemaMigration Load (0.2ms)[0m  [1mSELECT "schema_migrations".* FROM "schema_migrations"[0m


Started GET "/" for 127.0.0.1 at 2023-12-13 07:25:48 -0500


Started GET "/movies" for 127.0.0.1 at 2023-12-13 07:25:48 -0500
Processing by MoviesController#index as HTML
Redirected to http://localhost:3000/movies?ratings%5BG%5D=1&ratings%5BPG%5D=1&ratings%5BPG-13%5D=1&ratings%5BR%5D=1&sort_by=id
Filter chain halted as :force_index_redirect rendered or redirected
Completed 302 Found in 30ms (ActiveRecord: 0.0ms)


Started GET "/movies?ratings%5BG%5D=1&ratings%5BPG%5D=1&ratings%5BPG-13%5D=1&ratings%5BR%5D=1&sort_by=id" for 127.0.0.1 at 2023-12-13 07:25:48 -0500
Processing by MoviesController#index as HTML
  Parameters: {"ratings"=>{"G"=>"1", "PG"=>"1", "PG-13"=>"1", "R"=>"1"}, "sort_by"=>"id"}
  [1m[36mMovie Load (0.1ms)[0m  [1mSELECT "movies".* FROM "movies" WHERE "movies"."rating" IN ('G', 'PG', 'PG-13', 'R')  ORDER BY id[0m
  Rendered movies/index.html.erb within layouts/application (6.0ms)
  Rendered layouts/_flash.erb (0.3ms)
Completed 200 OK in 264ms (Views: 259.5ms | ActiveRecord: 1.0ms)


Started GET "/assets/application.self-021ca269f52f282e3a94c3868170f31d36c5e40ed7da2ff9b2a8c3fd3165d8f8.css?body=1" for 127.0.0.1 at 2023-12-13 07:25:48 -0500


Started GET "/assets/jquery.self-bd7ddd393353a8d2480a622e80342adf488fb6006d667e8b42e4c0073393abee.js?body=1" for 127.0.0.1 at 2023-12-13 07:25:48 -0500


Started GET "/" for 127.0.0.1 at 2023-12-13 07:42:15 -0500


Started GET "/movies" for 127.0.0.1 at 2023-12-13 07:42:15 -0500
Processing by MoviesController#index as HTML
Redirected to http://localhost:3000/movies?ratings%5BG%5D=1&ratings%5BPG%5D=1&ratings%5BPG-13%5D=1&ratings%5BR%5D=1&sort_by=id
Filter chain halted as :force_index_redirect rendered or redirected
Completed 302 Found in 1ms (ActiveRecord: 0.0ms)


Started GET "/movies?ratings%5BG%5D=1&ratings%5BPG%5D=1&ratings%5BPG-13%5D=1&ratings%5BR%5D=1&sort_by=id" for 127.0.0.1 at 2023-12-13 07:42:15 -0500
Processing by MoviesController#index as HTML
  Parameters: {"ratings"=>{"G"=>"1", "PG"=>"1", "PG-13"=>"1", "R"=>"1"}, "sort_by"=>"id"}
  [1m[35mMovie Load (0.1ms)[0m  SELECT "movies".* FROM "movies" WHERE "movies"."rating" IN ('G', 'PG', 'PG-13', 'R')  ORDER BY id
  Rendered movies/index.html.erb within layouts/application (1.8ms)
  Rendered layouts/_flash.erb (0.1ms)
Completed 200 OK in 52ms (Views: 50.2ms | ActiveRecord: 0.4ms)


Started GET "/assets/search_tmdb.self-e3b0c44298fc1c149afbf4c8996fb92427ae41e4649b934ca495991b7852b855.css?body=1" for 127.0.0.1 at 2023-12-13 07:42:15 -0500


Started GET "/assets/search_tmdb.self-19a187bec6cdb96d6de80a61c16c857c613536adf9138476bd367db38d282635.js?body=1" for 127.0.0.1 at 2023-12-13 07:42:15 -0500


Started GET "/search_tmdb" for 127.0.0.1 at 2023-12-13 07:42:32 -0500

ActionController::RoutingError (No route matches [GET] "/search_tmdb"):
  actionpack (4.2.11) lib/action_dispatch/middleware/debug_exceptions.rb:21:in `call'
  web-console (3.3.0) lib/web_console/middleware.rb:131:in `call_app'
  web-console (3.3.0) lib/web_console/middleware.rb:28:in `block in call'
  web-console (3.3.0) lib/web_console/middleware.rb:18:in `catch'
  web-console (3.3.0) lib/web_console/middleware.rb:18:in `call'
  actionpack (4.2.11) lib/action_dispatch/middleware/show_exceptions.rb:30:in `call'
  railties (4.2.11) lib/rails/rack/logger.rb:38:in `call_app'
  railties (4.2.11) lib/rails/rack/logger.rb:20:in `block in call'
  activesupport (4.2.11) lib/active_support/tagged_logging.rb:68:in `block in tagged'
  activesupport (4.2.11) lib/active_support/tagged_logging.rb:26:in `tagged'
  activesupport (4.2.11) lib/active_support/tagged_logging.rb:68:in `tagged'
  railties (4.2.11) lib/rails/rack/logger.rb:20:in `call'
  actionpack (4.2.11) lib/action_dispatch/middleware/request_id.rb:21:in `call'
  rack (1.6.13) lib/rack/methodoverride.rb:22:in `call'
  rack (1.6.13) lib/rack/runtime.rb:18:in `call'
  activesupport (4.2.11) lib/active_support/cache/strategy/local_cache_middleware.rb:28:in `call'
  rack (1.6.13) lib/rack/lock.rb:17:in `call'
  actionpack (4.2.11) lib/action_dispatch/middleware/static.rb:120:in `call'
  rack (1.6.13) lib/rack/sendfile.rb:113:in `call'
  railties (4.2.11) lib/rails/engine.rb:518:in `call'
  railties (4.2.11) lib/rails/application.rb:165:in `call'
  rack (1.6.13) lib/rack/lock.rb:17:in `call'
  rack (1.6.13) lib/rack/content_length.rb:15:in `call'
  rack (1.6.13) lib/rack/handler/webrick.rb:88:in `service'
  /usr/share/rvm/rubies/ruby-2.6.6/lib/ruby/2.6.0/webrick/httpserver.rb:140:in `service'
  /usr/share/rvm/rubies/ruby-2.6.6/lib/ruby/2.6.0/webrick/httpserver.rb:96:in `run'
  /usr/share/rvm/rubies/ruby-2.6.6/lib/ruby/2.6.0/webrick/server.rb:307:in `block in start_thread'


  Rendered /usr/share/rvm/gems/ruby-2.6.6/gems/actionpack-4.2.11/lib/action_dispatch/middleware/templates/rescues/_trace.html.erb (1.1ms)
  Rendered /usr/share/rvm/gems/ruby-2.6.6/gems/actionpack-4.2.11/lib/action_dispatch/middleware/templates/routes/_route.html.erb (0.6ms)
  Rendered /usr/share/rvm/gems/ruby-2.6.6/gems/actionpack-4.2.11/lib/action_dispatch/middleware/templates/routes/_table.html.erb (5.4ms)
  Rendered /usr/share/rvm/gems/ruby-2.6.6/gems/actionpack-4.2.11/lib/action_dispatch/middleware/templates/rescues/_request_and_response.html.erb (1.3ms)
  Rendered /usr/share/rvm/gems/ruby-2.6.6/gems/actionpack-4.2.11/lib/action_dispatch/middleware/templates/rescues/routing_error.html.erb within rescues/layout (17.1ms)


Started GET "/search_tmdb/search_tmdb" for 127.0.0.1 at 2023-12-13 07:42:39 -0500
Processing by SearchTmdbController#search_tmdb as HTML
  Rendered search_tmdb/search_tmdb.html.erb within layouts/application (0.4ms)
  Rendered layouts/_flash.erb (0.1ms)
Completed 200 OK in 15ms (Views: 14.8ms | ActiveRecord: 0.0ms)


Started GET "/search_tmdb" for 127.0.0.1 at 2023-12-13 07:42:53 -0500

ArgumentError (Missing :controller key on routes definition, please check your routes.):
  config/routes.rb:5:in `block in <top (required)>'
  config/routes.rb:1:in `<top (required)>'


  Rendered /usr/share/rvm/gems/ruby-2.6.6/gems/actionpack-4.2.11/lib/action_dispatch/middleware/templates/rescues/_source.erb (1.9ms)
  Rendered /usr/share/rvm/gems/ruby-2.6.6/gems/actionpack-4.2.11/lib/action_dispatch/middleware/templates/rescues/_trace.html.erb (1.1ms)
  Rendered /usr/share/rvm/gems/ruby-2.6.6/gems/actionpack-4.2.11/lib/action_dispatch/middleware/templates/rescues/_request_and_response.html.erb (0.6ms)
  Rendered /usr/share/rvm/gems/ruby-2.6.6/gems/actionpack-4.2.11/lib/action_dispatch/middleware/templates/rescues/diagnostics.html.erb within rescues/layout (8.2ms)


Started GET "/search_tmdb/search_tmdb" for 127.0.0.1 at 2023-12-13 07:50:51 -0500
Processing by SearchTmdbController#search_tmdb as HTML
  Rendered search_tmdb/search_tmdb.html.erb within layouts/application (26.0ms)
Completed 500 Internal Server Error in 31ms (ActiveRecord: 0.0ms)

ActionView::Template::Error (undefined local variable or method `search_tmdb_path' for #<#<Class:0x00007fb0b5a642b8>:0x00007fb0b5a6d278>
Did you mean?  search_tmdb_search_tmdb_path):
    1: <h2>Search in TMDB</h2>
    2: <%= form_tag search_tmdb_path, method: :post %>
    3:   <p>
    4:     <%= label_tag :search_terms %>
    5:     <%= text_field_tag :search_terms, params[:search_terms] %>
  app/views/search_tmdb/search_tmdb.html.erb:2:in `_app_views_search_tmdb_search_tmdb_html_erb___3565765787515065172_70198469288180'


  Rendered /usr/share/rvm/gems/ruby-2.6.6/gems/actionpack-4.2.11/lib/action_dispatch/middleware/templates/rescues/_source.erb (2.8ms)
  Rendered /usr/share/rvm/gems/ruby-2.6.6/gems/actionpack-4.2.11/lib/action_dispatch/middleware/templates/rescues/_trace.html.erb (1.3ms)
  Rendered /usr/share/rvm/gems/ruby-2.6.6/gems/actionpack-4.2.11/lib/action_dispatch/middleware/templates/rescues/_request_and_response.html.erb (0.6ms)
  Rendered /usr/share/rvm/gems/ruby-2.6.6/gems/actionpack-4.2.11/lib/action_dispatch/middleware/templates/rescues/template_error.html.erb within rescues/layout (9.0ms)


Started GET "/search_tmdb/search_tmdb" for 127.0.0.1 at 2023-12-13 07:51:08 -0500
Processing by SearchTmdbController#search_tmdb as HTML
  Rendered search_tmdb/search_tmdb.html.erb within layouts/application (0.8ms)
  Rendered layouts/_flash.erb (0.1ms)
Completed 200 OK in 18ms (Views: 17.6ms | ActiveRecord: 0.0ms)


Started POST "/movies" for 127.0.0.1 at 2023-12-13 07:51:11 -0500
Processing by MoviesController#create as HTML
  Parameters: {"utf8"=>"✓", "authenticity_token"=>"HI/BWs2lDozwQdRWlae3KmKfZLEe5O3zC0aWin2bsWW67Vc7kGj7p/BuliEaqtv3/2KE9/F0cBPP5xdBhFBOqQ==", "search_terms"=>"", "commit"=>"Search TMDB"}
Completed 500 Internal Server Error in 13ms (ActiveRecord: 0.0ms)

NameError (undefined local variable or method `movie_params' for #<MoviesController:0x00007fb0b475fa28>
Did you mean?  movie_path):
  app/controllers/movies_controller.rb:26:in `create'


  Rendered /usr/share/rvm/gems/ruby-2.6.6/gems/actionpack-4.2.11/lib/action_dispatch/middleware/templates/rescues/_source.erb (1.9ms)
  Rendered /usr/share/rvm/gems/ruby-2.6.6/gems/actionpack-4.2.11/lib/action_dispatch/middleware/templates/rescues/_trace.html.erb (1.1ms)
  Rendered /usr/share/rvm/gems/ruby-2.6.6/gems/actionpack-4.2.11/lib/action_dispatch/middleware/templates/rescues/_request_and_response.html.erb (0.6ms)
  Rendered /usr/share/rvm/gems/ruby-2.6.6/gems/actionpack-4.2.11/lib/action_dispatch/middleware/templates/rescues/diagnostics.html.erb within rescues/layout (9.3ms)


Started GET "/search_tmdb/search_tmdb" for 127.0.0.1 at 2023-12-13 07:52:07 -0500
Processing by SearchTmdbController#search_tmdb as HTML
  Rendered search_tmdb/search_tmdb.html.erb within layouts/application (1.0ms)
  Rendered layouts/_flash.erb (0.1ms)
Completed 200 OK in 10ms (Views: 9.4ms | ActiveRecord: 0.0ms)


Started GET "/search_tmdb/search_tmdb" for 127.0.0.1 at 2023-12-13 07:52:15 -0500
Processing by SearchTmdbController#search_tmdb as HTML
  Rendered search_tmdb/search_tmdb.html.erb within layouts/application (2.3ms)
  Rendered layouts/_flash.erb (0.1ms)
Completed 200 OK in 17ms (Views: 16.3ms | ActiveRecord: 0.0ms)


Started GET "/search_tmdb/search_tmdb" for 127.0.0.1 at 2023-12-13 07:52:54 -0500
Processing by SearchTmdbController#search_tmdb as HTML
  Rendered search_tmdb/search_tmdb.html.erb within layouts/application (0.9ms)
  Rendered layouts/_flash.erb (0.1ms)
Completed 200 OK in 7ms (Views: 7.2ms | ActiveRecord: 0.0ms)


Started GET "/search_tmdb/search_tmdb" for 127.0.0.1 at 2023-12-13 07:53:08 -0500
Processing by SearchTmdbController#search_tmdb as HTML
  Rendered search_tmdb/search_tmdb.html.erb within layouts/application (1.1ms)
  Rendered layouts/_flash.erb (0.1ms)
Completed 200 OK in 10ms (Views: 9.8ms | ActiveRecord: 0.0ms)


Started GET "/search_tmdb/search_tmdb" for 127.0.0.1 at 2023-12-13 07:53:20 -0500
Processing by SearchTmdbController#search_tmdb as HTML
  Rendered search_tmdb/search_tmdb.html.erb within layouts/application (1.1ms)
  Rendered layouts/_flash.erb (0.1ms)
Completed 200 OK in 9ms (Views: 8.4ms | ActiveRecord: 0.0ms)


Started GET "/search_tmdb/search_tmdb" for 127.0.0.1 at 2023-12-13 07:54:22 -0500
Processing by SearchTmdbController#search_tmdb as HTML
  Rendered search_tmdb/search_tmdb.html.erb within layouts/application (1.0ms)
  Rendered layouts/_flash.erb (0.0ms)
Completed 200 OK in 8ms (Views: 7.3ms | ActiveRecord: 0.0ms)


Started POST "/movies" for 127.0.0.1 at 2023-12-13 07:54:23 -0500
Processing by MoviesController#create as HTML
  Parameters: {"utf8"=>"✓", "authenticity_token"=>"i93I7Pqdp1JcN94qRRQvEOB8l6Lkg8L13qiVCRSLeSYtv16Np1BSeVwYnF3KGUPNfYF35AsTXxUaCRTC7UCG6g==", "Movie_Name"=>"", "Release_Date"=>"", "commit"=>"Back to Movie List"}
Completed 500 Internal Server Error in 29ms (ActiveRecord: 0.0ms)

NameError (undefined local variable or method `movie_params' for #<MoviesController:0x00007fb0b6272a40>
Did you mean?  movie_path):
  app/controllers/movies_controller.rb:26:in `create'


  Rendered /usr/share/rvm/gems/ruby-2.6.6/gems/actionpack-4.2.11/lib/action_dispatch/middleware/templates/rescues/_source.erb (2.1ms)
  Rendered /usr/share/rvm/gems/ruby-2.6.6/gems/actionpack-4.2.11/lib/action_dispatch/middleware/templates/rescues/_trace.html.erb (1.1ms)
  Rendered /usr/share/rvm/gems/ruby-2.6.6/gems/actionpack-4.2.11/lib/action_dispatch/middleware/templates/rescues/_request_and_response.html.erb (0.5ms)
  Rendered /usr/share/rvm/gems/ruby-2.6.6/gems/actionpack-4.2.11/lib/action_dispatch/middleware/templates/rescues/diagnostics.html.erb within rescues/layout (10.1ms)


Started GET "/search_tmdb/search_tmdb" for 127.0.0.1 at 2023-12-13 07:55:09 -0500
Processing by SearchTmdbController#search_tmdb as HTML
  Rendered search_tmdb/search_tmdb.html.erb within layouts/application (1.6ms)
  Rendered layouts/_flash.erb (0.1ms)
Completed 200 OK in 12ms (Views: 11.4ms | ActiveRecord: 0.0ms)


Started GET "/movies" for 127.0.0.1 at 2023-12-13 07:55:10 -0500
Processing by MoviesController#index as HTML
Redirected to http://localhost:3000/movies?ratings%5BG%5D=1&ratings%5BPG%5D=1&ratings%5BPG-13%5D=1&ratings%5BR%5D=1&sort_by=id
Filter chain halted as :force_index_redirect rendered or redirected
Completed 302 Found in 1ms (ActiveRecord: 0.0ms)


Started GET "/movies?ratings%5BG%5D=1&ratings%5BPG%5D=1&ratings%5BPG-13%5D=1&ratings%5BR%5D=1&sort_by=id" for 127.0.0.1 at 2023-12-13 07:55:10 -0500
Processing by MoviesController#index as HTML
  Parameters: {"ratings"=>{"G"=>"1", "PG"=>"1", "PG-13"=>"1", "R"=>"1"}, "sort_by"=>"id"}
  [1m[36mMovie Load (0.1ms)[0m  [1mSELECT "movies".* FROM "movies" WHERE "movies"."rating" IN ('G', 'PG', 'PG-13', 'R')  ORDER BY id[0m
  Rendered movies/index.html.erb within layouts/application (1.4ms)
  Rendered layouts/_flash.erb (0.0ms)
Completed 200 OK in 9ms (Views: 8.0ms | ActiveRecord: 0.3ms)


Started GET "/movies" for 127.0.0.1 at 2023-12-13 07:55:13 -0500
Processing by MoviesController#index as HTML
Redirected to http://localhost:3000/movies?ratings%5BG%5D=1&ratings%5BPG%5D=1&ratings%5BPG-13%5D=1&ratings%5BR%5D=1&sort_by=id
Filter chain halted as :force_index_redirect rendered or redirected
Completed 302 Found in 2ms (ActiveRecord: 0.0ms)


Started GET "/movies?ratings%5BG%5D=1&ratings%5BPG%5D=1&ratings%5BPG-13%5D=1&ratings%5BR%5D=1&sort_by=id" for 127.0.0.1 at 2023-12-13 07:55:13 -0500
Processing by MoviesController#index as HTML
  Parameters: {"ratings"=>{"G"=>"1", "PG"=>"1", "PG-13"=>"1", "R"=>"1"}, "sort_by"=>"id"}
  [1m[35mMovie Load (0.1ms)[0m  SELECT "movies".* FROM "movies" WHERE "movies"."rating" IN ('G', 'PG', 'PG-13', 'R')  ORDER BY id
  Rendered movies/index.html.erb within layouts/application (1.0ms)
  Rendered layouts/_flash.erb (0.1ms)
Completed 200 OK in 9ms (Views: 8.0ms | ActiveRecord: 0.1ms)


Started GET "/movies" for 127.0.0.1 at 2023-12-13 07:55:49 -0500
Processing by MoviesController#index as HTML
Redirected to http://localhost:3000/movies?ratings%5BG%5D=1&ratings%5BPG%5D=1&ratings%5BPG-13%5D=1&ratings%5BR%5D=1&sort_by=id
Filter chain halted as :force_index_redirect rendered or redirected
Completed 302 Found in 0ms (ActiveRecord: 0.0ms)


Started GET "/movies?ratings%5BG%5D=1&ratings%5BPG%5D=1&ratings%5BPG-13%5D=1&ratings%5BR%5D=1&sort_by=id" for 127.0.0.1 at 2023-12-13 07:55:49 -0500
Processing by MoviesController#index as HTML
  Parameters: {"ratings"=>{"G"=>"1", "PG"=>"1", "PG-13"=>"1", "R"=>"1"}, "sort_by"=>"id"}
  [1m[36mMovie Load (0.2ms)[0m  [1mSELECT "movies".* FROM "movies" WHERE "movies"."rating" IN ('G', 'PG', 'PG-13', 'R')  ORDER BY id[0m
  Rendered movies/index.html.erb within layouts/application (1.3ms)
  Rendered layouts/_flash.erb (0.1ms)
Completed 200 OK in 7ms (Views: 6.8ms | ActiveRecord: 0.2ms)


Started GET "/movies?utf8=%E2%9C%93&sort_by=id&commit=Refresh" for 127.0.0.1 at 2023-12-13 07:55:58 -0500
Processing by MoviesController#index as HTML
  Parameters: {"utf8"=>"✓", "sort_by"=>"id", "commit"=>"Refresh"}
Redirected to http://localhost:3000/movies?ratings%5BG%5D=1&ratings%5BPG%5D=1&ratings%5BPG-13%5D=1&ratings%5BR%5D=1&sort_by=id
Filter chain halted as :force_index_redirect rendered or redirected
Completed 302 Found in 1ms (ActiveRecord: 0.0ms)


Started GET "/movies?ratings%5BG%5D=1&ratings%5BPG%5D=1&ratings%5BPG-13%5D=1&ratings%5BR%5D=1&sort_by=id" for 127.0.0.1 at 2023-12-13 07:55:58 -0500
Processing by MoviesController#index as HTML
  Parameters: {"ratings"=>{"G"=>"1", "PG"=>"1", "PG-13"=>"1", "R"=>"1"}, "sort_by"=>"id"}
  [1m[35mMovie Load (0.2ms)[0m  SELECT "movies".* FROM "movies" WHERE "movies"."rating" IN ('G', 'PG', 'PG-13', 'R')  ORDER BY id
  Rendered movies/index.html.erb within layouts/application (1.4ms)
  Rendered layouts/_flash.erb (0.1ms)
Completed 200 OK in 9ms (Views: 8.4ms | ActiveRecord: 0.2ms)


Started GET "/search_tmdb/search_tmdb" for 127.0.0.1 at 2023-12-13 07:57:04 -0500
Processing by SearchTmdbController#search_tmdb as HTML
  Rendered search_tmdb/search_tmdb.html.erb within layouts/application (30.9ms)
Completed 500 Internal Server Error in 35ms (ActiveRecord: 0.0ms)

ActionView::Template::Error (undefined local variable or method `tmdb_form' for #<#<Class:0x00007fb0b5a642b8>:0x00007fb0b6049048>):
    1: <h2>Search in TMDB</h2>
    2: <%= form_tag movies_path, method: :post , id: tmdb_form%>
    3: <p>
    4:   <%= label_tag :Movie_Name %>
    5:   <%= text_field_tag :Movie_Name, params[:Movie_Name] %>
  app/views/search_tmdb/search_tmdb.html.erb:2:in `_app_views_search_tmdb_search_tmdb_html_erb___3565765787515065172_70198472359940'


  Rendered /usr/share/rvm/gems/ruby-2.6.6/gems/actionpack-4.2.11/lib/action_dispatch/middleware/templates/rescues/_source.erb (2.7ms)
  Rendered /usr/share/rvm/gems/ruby-2.6.6/gems/actionpack-4.2.11/lib/action_dispatch/middleware/templates/rescues/_trace.html.erb (1.5ms)
  Rendered /usr/share/rvm/gems/ruby-2.6.6/gems/actionpack-4.2.11/lib/action_dispatch/middleware/templates/rescues/_request_and_response.html.erb (0.9ms)
  Rendered /usr/share/rvm/gems/ruby-2.6.6/gems/actionpack-4.2.11/lib/action_dispatch/middleware/templates/rescues/template_error.html.erb within rescues/layout (9.4ms)


Started GET "/search_tmdb/search_tmdb" for 127.0.0.1 at 2023-12-13 07:57:33 -0500
Processing by SearchTmdbController#search_tmdb as HTML
  Rendered search_tmdb/search_tmdb.html.erb within layouts/application (1.4ms)
  Rendered layouts/_flash.erb (0.1ms)
Completed 200 OK in 12ms (Views: 11.6ms | ActiveRecord: 0.0ms)


Started GET "/search_tmdb/search_tmdb" for 127.0.0.1 at 2023-12-13 07:59:40 -0500
Processing by SearchTmdbController#search_tmdb as HTML
  Rendered search_tmdb/search_tmdb.html.erb within layouts/application (0.8ms)
  Rendered layouts/_flash.erb (0.0ms)
Completed 200 OK in 8ms (Views: 8.0ms | ActiveRecord: 0.0ms)


Started POST "/movies" for 127.0.0.1 at 2023-12-13 07:59:42 -0500
Processing by MoviesController#create as HTML
  Parameters: {"utf8"=>"✓", "authenticity_token"=>"0UcvakhegCd194Mb8/yUZ5zly6aHy2+7/8NI8bT8I2J3JbkLFZN1DHXYwWx88fi6ARgr4Ghb8ls7Ysk6TTfcrg==", "Movie_Name"=>"", "Release_Date"=>"", "commit"=>"Search"}
Completed 500 Internal Server Error in 16ms (ActiveRecord: 0.0ms)

NameError (undefined local variable or method `movie_params' for #<MoviesController:0x00007fb0b5e92678>
Did you mean?  movie_path):
  app/controllers/movies_controller.rb:26:in `create'


  Rendered /usr/share/rvm/gems/ruby-2.6.6/gems/actionpack-4.2.11/lib/action_dispatch/middleware/templates/rescues/_source.erb (2.6ms)
  Rendered /usr/share/rvm/gems/ruby-2.6.6/gems/actionpack-4.2.11/lib/action_dispatch/middleware/templates/rescues/_trace.html.erb (1.3ms)
  Rendered /usr/share/rvm/gems/ruby-2.6.6/gems/actionpack-4.2.11/lib/action_dispatch/middleware/templates/rescues/_request_and_response.html.erb (0.9ms)
  Rendered /usr/share/rvm/gems/ruby-2.6.6/gems/actionpack-4.2.11/lib/action_dispatch/middleware/templates/rescues/diagnostics.html.erb within rescues/layout (12.6ms)


Started GET "/search_tmdb/search_tmdb" for 127.0.0.1 at 2023-12-13 08:01:16 -0500
Processing by SearchTmdbController#search_tmdb as HTML
  Rendered search_tmdb/search_tmdb.html.erb within layouts/application (1.3ms)
  Rendered layouts/_flash.erb (0.1ms)
Completed 200 OK in 10ms (Views: 10.0ms | ActiveRecord: 0.0ms)


Started GET "/search_tmdb/search_tmdb" for 127.0.0.1 at 2023-12-13 08:01:18 -0500
Processing by SearchTmdbController#search_tmdb as HTML
  Rendered search_tmdb/search_tmdb.html.erb within layouts/application (1.2ms)
  Rendered layouts/_flash.erb (0.1ms)
Completed 200 OK in 16ms (Views: 15.8ms | ActiveRecord: 0.0ms)
